#
# A fatal error has been detected by the Java Runtime Environment:
#
#  SIGSEGV (0xb) at pc=0x00007f72acf7a582, pid=3616, tid=140130356160256
#
# JRE version: 7.0_11-b21
# Java VM: Java HotSpot(TM) 64-Bit Server VM (23.6-b04 mixed mode linux-amd64 compressed oops)
# Problematic frame:
# V  [libjvm.so+0x7a4582]  JVM_handle_linux_signal+0x5b762
#
# Failed to write core dump. Core dumps have been disabled. To enable core dumping, try "ulimit -c unlimited" before starting Java again
#
# If you would like to submit a bug report, please visit:
#   http://bugreport.sun.com/bugreport/crash.jsp
#

---------------  T H R E A D  ---------------

Current thread (0x00007f72a801c000):  GCTaskThread [stack: 0x00007f72a409e000,0x00007f72a419f000] [id=3621]

siginfo:si_signo=SIGSEGV: si_errno=0, si_code=1 (SEGV_MAPERR), si_addr=0x00000001000000a8

Registers:
RAX=0x0000000100000000, RBX=0x00000000d91e1098, RCX=0x0000000000000000, RDX=0x00000000c01069a8
RSP=0x00007f72a419d9e0, RBP=0x00007f72a419da50, RSI=0x00000000ff2e0038, RDI=0x00000000c01069b8
R8 =0x0000000000000001, R9 =0x00007f72ad4c7c48, R10=0x00000000d91e1040, R11=0x00007f72ad66ee30
R12=0x00000000ff2e0038, R13=0x000000000000000d, R14=0x0000000000000000, R15=0x00007f72a8157220
RIP=0x00007f72acf7a582, EFLAGS=0x0000000000010202, CSGSFS=0x0000000000000033, ERR=0x0000000000000004
  TRAPNO=0x000000000000000e

Top of Stack: (sp=0x00007f72a419d9e0)
0x00007f72a419d9e0:   00007f72730e7c60 00007f72ad4c7c48
0x00007f72a419d9f0:   0000000000000410 00007f72a81571b0
0x00007f72a419da00:   00000000d91df108 0000000000000400
0x00007f72a419da10:   00000000ff2d44b2 0000000000001000
0x00007f72a419da20:   00000000d8e90c98 00000000d91e1098
0x00007f72a419da30:   00007f72a81571b0 00007f72ad4accd0
0x00007f72a419da40:   0000000000000000 00007f72a8157220
0x00007f72a419da50:   00007f72a419db40 00007f72acf7a280
0x00007f72a419da60:   00000000c0016648 00007f72a419dad0
0x00007f72a419da70:   00007f72a419dae0 00007f72a419daa0
0x00007f72a419da80:   00007f72a419dab0 00007f72a419db00
0x00007f72a419da90:   00000000d8ae4660 00007f72a8157230
0x00007f72a419daa0:   00000000d5186f90 00007f72a81571b0
0x00007f72a419dab0:   00007f72a8011e50 00007f72a464ac81
0x00007f72a419dac0:   00007f72a419db40 00007f72accf9e3f
0x00007f72a419dad0:   00000000d554b185 00007f72a8157220
0x00007f72a419dae0:   00000000c01b28f8 00000000d554b184
0x00007f72a419daf0:   00000000d56c1755 00007f72accdb8a8
0x00007f72a419db00:   00000000d91e1099 00000000d56c1760
0x00007f72a419db10:   00007f72a419db40 00000000d56c1810
0x00007f72a419db20:   00000000d56c1800 00007f72a464d60c
0x00007f72a419db30:   00007f72a8011e50 00007f72a464d681
0x00007f72a419db40:   00007f72a419dc00 00007f72acb0fbf6
0x00007f72a419db50:   00007f72a8016450 00007f72a464d680
0x00007f72a419db60:   00007f72a464d601 00007f72ad4c7c48
0x00007f72a419db70:   00007f72a81571b0 00000000d8eaff20
0x00007f72a419db80:   00007f72a8011b90 00007f72a4669580
0x00007f72a419db90:   00000000d5680040 0000000000000200
0x00007f72a419dba0:   00000000d56d0030 00007f72a464d609
0x00007f72a419dbb0:   0000000000000240 00007f72a464d800
0x00007f72a419dbc0:   00007f72a464d800 00007f72a464d60c
0x00007f72a419dbd0:   00007f72a464d609 00007f72a80477d0 

Instructions: (pc=0x00007f72acf7a582)
0x00007f72acf7a562:   83 fe 00 0f 8f 23 ff ff ff 0f 85 7f 03 00 00 0f
0x00007f72acf7a572:   1f 80 00 00 00 00 48 8b 07 4c 89 e6 4c 89 4d 98
0x00007f72acf7a582:   ff 90 a8 00 00 00 41 f6 c5 01 4c 8b 4d 98 4c 63
0x00007f72acf7a592:   f8 0f 84 11 ff ff ff 4c 89 e8 48 c1 e8 03 89 c2 

Register to memory mapping:

RAX=0x0000000100000000 is an unknown value
RBX=0x00000000d91e1098 is an oop
[Ljava.util.HashMap$Entry; 
 - klass: 'java/util/HashMap$Entry'[]
 - length: 1
RCX=0x0000000000000000 is an unknown value
RDX=0x00000000c01069a8 is an oop
{method} 
 - klass: {other class}
RSP=0x00007f72a419d9e0 is an unknown value
RBP=0x00007f72a419da50 is an unknown value
RSI=0x00000000ff2e0038 is an unknown value
RDI=0x00000000c01069b8 is an oop
{method} 
 - klass: {other class}
R8 =0x0000000000000001 is an unknown value
R9 =0x00007f72ad4c7c48: <offset 0xcf1c48> in /opt/java/jre/lib/amd64/server/libjvm.so at 0x00007f72ac7d6000
R10=0x00000000d91e1040 is an oop
java.util.HashMap 
 - klass: 'java/util/HashMap'
R11=0x00007f72ad66ee30: <offset 0x172e30> in /usr/lib/libc.so.6 at 0x00007f72ad4fc000
R12=0x00000000ff2e0038 is an unknown value
R13=0x000000000000000d is an unknown value
R14=0x0000000000000000 is an unknown value
R15=0x00007f72a8157220 is an unknown value


Stack: [0x00007f72a409e000,0x00007f72a419f000],  sp=0x00007f72a419d9e0,  free space=1022k
Native frames: (J=compiled Java code, j=interpreted, Vv=VM code, C=native code)
V  [libjvm.so+0x7a4582]  JVM_handle_linux_signal+0x5b762
V  [libjvm.so+0x7a4280]  JVM_handle_linux_signal+0x5b460
V  [libjvm.so+0x339bf6]  ftell+0x339bf6
V  [libjvm.so+0x7a72db]  JVM_handle_linux_signal+0x5e4bb
V  [libjvm.so+0x4b7520]  AsyncGetCallTrace+0x3c180
V  [libjvm.so+0x746c00]  fork1+0x4320


---------------  P R O C E S S  ---------------

Java Threads: ( => current thread )
  0x0000000002b6d800 JavaThread "Compass Scheduled Executor Thread [pool-8-thread-1]" daemon [_thread_blocked, id=3662, stack(0x00007f7295b8b000,0x00007f7295c8c000)]
  0x0000000002289000 JavaThread "net.sf.ehcache.CacheManager@3a68f437" daemon [_thread_blocked, id=3660, stack(0x00007f729517b000,0x00007f729527c000)]
  0x00007f7234002800 JavaThread "localhost-startStop-1" daemon [_thread_blocked, id=3659, stack(0x00007f729527c000,0x00007f729537d000)]
  0x00007f72a86d5800 JavaThread "Tomcat-startStop-1" daemon [_thread_blocked, id=3658, stack(0x00007f7295a8a000,0x00007f7295b8b000)]
  0x00007f72a84a9000 JavaThread "pool-4-thread-5" [_thread_blocked, id=3653, stack(0x00007f7295585000,0x00007f7295686000)]
  0x00007f72a84a7800 JavaThread "pool-4-thread-4" [_thread_blocked, id=3652, stack(0x00007f7295686000,0x00007f7295787000)]
  0x00007f72a8b60000 JavaThread "pool-4-thread-3" [_thread_blocked, id=3651, stack(0x00007f7295787000,0x00007f7295888000)]
  0x00007f72a85ef800 JavaThread "pool-4-thread-2" [_thread_blocked, id=3650, stack(0x00007f7295888000,0x00007f7295989000)]
  0x00007f72a8b63800 JavaThread "pool-4-thread-1" [_thread_blocked, id=3649, stack(0x00007f7295989000,0x00007f7295a8a000)]
  0x00007f72a8c82800 JavaThread "pool-3-thread-5" [_thread_blocked, id=3646, stack(0x00007f7295c8c000,0x00007f7295d8d000)]
  0x00007f72a8c80800 JavaThread "pool-3-thread-4" [_thread_blocked, id=3645, stack(0x00007f7295d8d000,0x00007f7295e8e000)]
  0x00007f72a8c7e800 JavaThread "pool-3-thread-3" [_thread_blocked, id=3644, stack(0x00007f7295e8e000,0x00007f7295f8f000)]
  0x00007f72a8c39800 JavaThread "pool-3-thread-2" [_thread_blocked, id=3643, stack(0x00007f7295f8f000,0x00007f7296090000)]
  0x00007f72a8c6c800 JavaThread "pool-3-thread-1" [_thread_blocked, id=3642, stack(0x00007f7296090000,0x00007f7296191000)]
  0x00007f72a8ac8000 JavaThread "FileSystemWatcher: files=#345 cl=java.net.URLClassLoader@17c77736" daemon [_thread_blocked, id=3641, stack(0x00007f7296191000,0x00007f7296292000)]
  0x00007f72a8f52800 JavaThread "pool-2-thread-1" [_thread_blocked, id=3640, stack(0x00007f72968b2000,0x00007f72969b3000)]
  0x00007f72a8638000 JavaThread "Synchronizer (Spring UAA/1.0.1)" daemon [_thread_blocked, id=3639, stack(0x00007f72969b3000,0x00007f7296ab4000)]
  0x00007f72a8cc6000 JavaThread "Timer-0" daemon [_thread_blocked, id=3638, stack(0x00007f7296f10000,0x00007f7297011000)]
  0x00007f72a854e800 JavaThread "process reaper" daemon [_thread_blocked, id=3632, stack(0x00007f72a400c000,0x00007f72a4034000)]
  0x00007f72a826b800 JavaThread "Monitor Ctrl-Break" daemon [_thread_in_native, id=3630, stack(0x00007f72978f9000,0x00007f72979fa000)]
  0x00007f72a821d000 JavaThread "Service Thread" daemon [_thread_blocked, id=3628, stack(0x00007f7297cfd000,0x00007f7297dfe000)]
  0x00007f72a821b800 JavaThread "C2 CompilerThread1" daemon [_thread_blocked, id=3627, stack(0x00007f7297dfe000,0x00007f7297eff000)]
  0x00007f72a8213800 JavaThread "C2 CompilerThread0" daemon [_thread_blocked, id=3626, stack(0x00007f7297eff000,0x00007f7298000000)]
  0x00007f72a81af800 JavaThread "Signal Dispatcher" daemon [_thread_blocked, id=3625, stack(0x00007f729c0f9000,0x00007f729c1fa000)]
  0x00007f72a8163000 JavaThread "Finalizer" daemon [_thread_blocked, id=3624, stack(0x00007f729c3c1000,0x00007f729c4c2000)]
  0x00007f72a8160800 JavaThread "Reference Handler" daemon [_thread_blocked, id=3623, stack(0x00007f729c4c2000,0x00007f729c5c3000)]
  0x00007f72a8009000 JavaThread "main" [_thread_blocked, id=3617, stack(0x00007f72adfc8000,0x00007f72ae0c9000)]

Other Threads:
  0x00007f72a8159000 VMThread [stack: 0x00007f729c5c3000,0x00007f729c6c4000] [id=3622]
  0x00007f72a8230000 WatcherThread [stack: 0x00007f7297bfc000,0x00007f7297cfd000] [id=3629]

=>0x00007f72a801c000 (exited) GCTaskThread [stack: 0x00007f72a409e000,0x00007f72a419f000] [id=3621]

VM state:at safepoint (normal execution)

VM Mutex/Monitor currently owned by a thread:  ([mutex/lock_event])
[0x00007f72a8006cf0] Threads_lock - owner thread: 0x00007f72a8159000
[0x00007f72a80071f0] Heap_lock - owner thread: 0x00007f7234002800

Heap
 PSYoungGen      total 246656K, used 234727K [0x00000000f0000000, 0x0000000100000000, 0x0000000100000000)
  eden space 230144K, 99% used [0x00000000f0000000,0x00000000fe024628,0x00000000fe0c0000)
  from space 16512K, 31% used [0x00000000fefe0000,0x00000000ff4f55e0,0x0000000100000000)
  to   space 15488K, 27% used [0x00000000fe0c0000,0x00000000fe4d9da0,0x00000000fefe0000)
 ParOldGen       total 524288K, used 150168K [0x00000000d0000000, 0x00000000f0000000, 0x00000000f0000000)
  object space 524288K, 28% used [0x00000000d0000000,0x00000000d92a62e8,0x00000000f0000000)
 PSPermGen       total 262144K, used 78484K [0x00000000c0000000, 0x00000000d0000000, 0x00000000d0000000)
  object space 262144K, 29% used [0x00000000c0000000,0x00000000c4ca5050,0x00000000d0000000)

Card table byte_map: [0x00007f72a45a2000,0x00007f72a47a3000] byte_map_base: 0x00007f72a3fa2000

Polling page: 0x00007f72ae0ff000

Code Cache  [0x00007f72a47a3000, 0x00007f72a4e73000, 0x00007f72a77a3000)
 total_blobs=2133 nmethods=1456 adapters=627 free_code_cache=42669Kb largest_free_block=43241408

Compilation events (10 events):
Event: 26.915 Thread 0x00007f72a8213800 1617             sun.security.provider.DigestBase::engineUpdate (188 bytes)
Event: 26.918 Thread 0x00007f72a821b800 1618             java.util.jar.Manifest::getEntries (5 bytes)
Event: 26.919 Thread 0x00007f72a821b800 nmethod 1618 0x00007f72a4c9ccd0 code [0x00007f72a4c9ce00, 0x00007f72a4c9ce58]
Event: 26.919 Thread 0x00007f72a821b800 1619             java.util.jar.Manifest::getAttributes (14 bytes)
Event: 26.921 Thread 0x00007f72a8213800 nmethod 1617 0x00007f72a4accc90 code [0x00007f72a4acce20, 0x00007f72a4acd2a8]
Event: 26.928 Thread 0x00007f72a821b800 nmethod 1619 0x00007f72a4c56e10 code [0x00007f72a4c56fa0, 0x00007f72a4c573b8]
Event: 26.931 Thread 0x00007f72a8213800 1620   !         java.lang.StringCoding::decode (120 bytes)
Event: 26.938 Thread 0x00007f72a821b800 1621             sun.security.provider.ByteArrayAccess::b2iBig64 (586 bytes)
Event: 26.941 Thread 0x00007f72a821b800 nmethod 1621 0x00007f72a4c56a50 code [0x00007f72a4c56b80, 0x00007f72a4c56d58]
Event: 26.943 Thread 0x00007f72a8213800 nmethod 1620 0x00007f72a4ce4610 code [0x00007f72a4ce4800, 0x00007f72a4ce5030]

GC Heap History (10 events):
Event: 24.609 GC heap after
Heap after GC invocations=30 (full 0):
 PSYoungGen      total 242944K, used 5201K [0x00000000f0000000, 0x0000000100000000, 0x0000000100000000)
  eden space 222528K, 0% used [0x00000000f0000000,0x00000000f0000000,0x00000000fd950000)
  from space 20416K, 25% used [0x00000000fec10000,0x00000000ff1245a8,0x0000000100000000)
  to   space 19200K, 0% used [0x00000000fd950000,0x00000000fd950000,0x00000000fec10000)
 ParOldGen       total 524288K, used 130436K [0x00000000d0000000, 0x00000000f0000000, 0x00000000f0000000)
  object space 524288K, 24% used [0x00000000d0000000,0x00000000d7f61360,0x00000000f0000000)
 PSPermGen       total 262144K, used 71239K [0x00000000c0000000, 0x00000000d0000000, 0x00000000d0000000)
  object space 262144K, 27% used [0x00000000c0000000,0x00000000c4591e08,0x00000000d0000000)
}
Event: 24.964 GC heap before
{Heap before GC invocations=31 (full 0):
 PSYoungGen      total 242944K, used 223331K [0x00000000f0000000, 0x0000000100000000, 0x0000000100000000)
  eden space 222528K, 98% used [0x00000000f0000000,0x00000000fd504a18,0x00000000fd950000)
  from space 20416K, 25% used [0x00000000fec10000,0x00000000ff1245a8,0x0000000100000000)
  to   space 19200K, 0% used [0x00000000fd950000,0x00000000fd950000,0x00000000fec10000)
 ParOldGen       total 524288K, used 130436K [0x00000000d0000000, 0x00000000f0000000, 0x00000000f0000000)
  object space 524288K, 24% used [0x00000000d0000000,0x00000000d7f61360,0x00000000f0000000)
 PSPermGen       total 262144K, used 72624K [0x00000000c0000000, 0x00000000d0000000, 0x00000000d0000000)
  object space 262144K, 27% used [0x00000000c0000000,0x00000000c46ec118,0x00000000d0000000)
Event: 24.981 GC heap after
Heap after GC invocations=31 (full 0):
 PSYoungGen      total 241728K, used 4309K [0x00000000f0000000, 0x0000000100000000, 0x0000000100000000)
  eden space 222528K, 0% used [0x00000000f0000000,0x00000000f0000000,0x00000000fd950000)
  from space 19200K, 22% used [0x00000000fd950000,0x00000000fdd857c0,0x00000000fec10000)
  to   space 18176K, 0% used [0x00000000fee40000,0x00000000fee40000,0x0000000100000000)
 ParOldGen       total 524288K, used 135305K [0x00000000d0000000, 0x00000000f0000000, 0x00000000f0000000)
  object space 524288K, 25% used [0x00000000d0000000,0x00000000d8422780,0x00000000f0000000)
 PSPermGen       total 262144K, used 72624K [0x00000000c0000000, 0x00000000d0000000, 0x00000000d0000000)
  object space 262144K, 27% used [0x00000000c0000000,0x00000000c46ec118,0x00000000d0000000)
}
Event: 25.312 GC heap before
{Heap before GC invocations=32 (full 0):
 PSYoungGen      total 241728K, used 225609K [0x00000000f0000000, 0x0000000100000000, 0x0000000100000000)
  eden space 222528K, 99% used [0x00000000f0000000,0x00000000fd81cdf8,0x00000000fd950000)
  from space 19200K, 22% used [0x00000000fd950000,0x00000000fdd857c0,0x00000000fec10000)
  to   space 18176K, 0% used [0x00000000fee40000,0x00000000fee40000,0x0000000100000000)
 ParOldGen       total 524288K, used 135305K [0x00000000d0000000, 0x00000000f0000000, 0x00000000f0000000)
  object space 524288K, 25% used [0x00000000d0000000,0x00000000d8422780,0x00000000f0000000)
 PSPermGen       total 262144K, used 74184K [0x00000000c0000000, 0x00000000d0000000, 0x00000000d0000000)
  object space 262144K, 28% used [0x00000000c0000000,0x00000000c4872378,0x00000000d0000000)
Event: 25.329 GC heap after
Heap after GC invocations=32 (full 0):
 PSYoungGen      total 244736K, used 3473K [0x00000000f0000000, 0x0000000100000000, 0x0000000100000000)
  eden space 226560K, 0% used [0x00000000f0000000,0x00000000f0000000,0x00000000fdd40000)
  from space 18176K, 19% used [0x00000000fee40000,0x00000000ff1a44b8,0x0000000100000000)
  to   space 17408K, 0% used [0x00000000fdd40000,0x00000000fdd40000,0x00000000fee40000)
 ParOldGen       total 524288K, used 139203K [0x00000000d0000000, 0x00000000f0000000, 0x00000000f0000000)
  object space 524288K, 26% used [0x00000000d0000000,0x00000000d87f0c20,0x00000000f0000000)
 PSPermGen       total 262144K, used 74184K [0x00000000c0000000, 0x00000000d0000000, 0x00000000d0000000)
  object space 262144K, 28% used [0x00000000c0000000,0x00000000c4872378,0x00000000d0000000)
}
Event: 25.970 GC heap before
{Heap before GC invocations=33 (full 0):
 PSYoungGen      total 244736K, used 228281K [0x00000000f0000000, 0x0000000100000000, 0x0000000100000000)
  eden space 226560K, 99% used [0x00000000f0000000,0x00000000fdb8a298,0x00000000fdd40000)
  from space 18176K, 19% used [0x00000000fee40000,0x00000000ff1a44b8,0x0000000100000000)
  to   space 17408K, 0% used [0x00000000fdd40000,0x00000000fdd40000,0x00000000fee40000)
 ParOldGen       total 524288K, used 139203K [0x00000000d0000000, 0x00000000f0000000, 0x00000000f0000000)
  object space 524288K, 26% used [0x00000000d0000000,0x00000000d87f0c20,0x00000000f0000000)
 PSPermGen       total 262144K, used 75589K [0x00000000c0000000, 0x00000000d0000000, 0x00000000d0000000)
  object space 262144K, 28% used [0x00000000c0000000,0x00000000c49d1458,0x00000000d0000000)
Event: 25.984 GC heap after
Heap after GC invocations=33 (full 0):
 PSYoungGen      total 243968K, used 4382K [0x00000000f0000000, 0x0000000100000000, 0x0000000100000000)
  eden space 226560K, 0% used [0x00000000f0000000,0x00000000f0000000,0x00000000fdd40000)
  from space 17408K, 25% used [0x00000000fdd40000,0x00000000fe187830,0x00000000fee40000)
  to   space 16512K, 0% used [0x00000000fefe0000,0x00000000fefe0000,0x0000000100000000)
 ParOldGen       total 524288K, used 142265K [0x00000000d0000000, 0x00000000f0000000, 0x00000000f0000000)
  object space 524288K, 27% used [0x00000000d0000000,0x00000000d8aee660,0x00000000f0000000)
 PSPermGen       total 262144K, used 75589K [0x00000000c0000000, 0x00000000d0000000, 0x00000000d0000000)
  object space 262144K, 28% used [0x00000000c0000000,0x00000000c49d1458,0x00000000d0000000)
}
Event: 26.659 GC heap before
{Heap before GC invocations=34 (full 0):
 PSYoungGen      total 243968K, used 221977K [0x00000000f0000000, 0x0000000100000000, 0x0000000100000000)
  eden space 226560K, 96% used [0x00000000f0000000,0x00000000fd47ec18,0x00000000fdd40000)
  from space 17408K, 25% used [0x00000000fdd40000,0x00000000fe187830,0x00000000fee40000)
  to   space 16512K, 0% used [0x00000000fefe0000,0x00000000fefe0000,0x0000000100000000)
 ParOldGen       total 524288K, used 142265K [0x00000000d0000000, 0x00000000f0000000, 0x00000000f0000000)
  object space 524288K, 27% used [0x00000000d0000000,0x00000000d8aee660,0x00000000f0000000)
 PSPermGen       total 262144K, used 76709K [0x00000000c0000000, 0x00000000d0000000, 0x00000000d0000000)
  object space 262144K, 29% used [0x00000000c0000000,0x00000000c4ae9620,0x00000000d0000000)
Event: 26.677 GC heap after
Heap after GC invocations=34 (full 0):
 PSYoungGen      total 246656K, used 5205K [0x00000000f0000000, 0x0000000100000000, 0x0000000100000000)
  eden space 230144K, 0% used [0x00000000f0000000,0x00000000f0000000,0x00000000fe0c0000)
  from space 16512K, 31% used [0x00000000fefe0000,0x00000000ff4f55e0,0x0000000100000000)
  to   space 15488K, 0% used [0x00000000fe0c0000,0x00000000fe0c0000,0x00000000fefe0000)
 ParOldGen       total 524288K, used 146111K [0x00000000d0000000, 0x00000000f0000000, 0x00000000f0000000)
  object space 524288K, 27% used [0x00000000d0000000,0x00000000d8eaff20,0x00000000f0000000)
 PSPermGen       total 262144K, used 76709K [0x00000000c0000000, 0x00000000d0000000, 0x00000000d0000000)
  object space 262144K, 29% used [0x00000000c0000000,0x00000000c4ae9620,0x00000000d0000000)
}
Event: 27.094 GC heap before
{Heap before GC invocations=35 (full 0):
 PSYoungGen      total 246656K, used 234727K [0x00000000f0000000, 0x0000000100000000, 0x0000000100000000)
  eden space 230144K, 99% used [0x00000000f0000000,0x00000000fe024628,0x00000000fe0c0000)
  from space 16512K, 31% used [0x00000000fefe0000,0x00000000ff4f55e0,0x0000000100000000)
  to   space 15488K, 0% used [0x00000000fe0c0000,0x00000000fe0c0000,0x00000000fefe0000)
 ParOldGen       total 524288K, used 146111K [0x00000000d0000000, 0x00000000f0000000, 0x00000000f0000000)
  object space 524288K, 27% used [0x00000000d0000000,0x00000000d8eaff20,0x00000000f0000000)
 PSPermGen       total 262144K, used 78484K [0x00000000c0000000, 0x00000000d0000000, 0x00000000d0000000)
  object space 262144K, 29% used [0x00000000c0000000,0x00000000c4ca5050,0x00000000d0000000)

Deoptimization events (10 events):
Event: 26.128 Thread 0x00007f7234002800 Uncommon trap -34 fr.pc 0x00007f72a49af558
Event: 26.136 Thread 0x00007f7234002800 Uncommon trap -34 fr.pc 0x00007f72a49af558
Event: 26.157 Thread 0x00007f7234002800 Uncommon trap -34 fr.pc 0x00007f72a49af558
Event: 26.585 Thread 0x00007f7234002800 Uncommon trap -34 fr.pc 0x00007f72a4caa788
Event: 26.904 Thread 0x00007f7234002800 Uncommon trap -34 fr.pc 0x00007f72a4a3e484
Event: 26.906 Thread 0x00007f7234002800 Uncommon trap -34 fr.pc 0x00007f72a4a3e484
Event: 26.906 Thread 0x00007f7234002800 Uncommon trap -34 fr.pc 0x00007f72a4a3e484
Event: 26.906 Thread 0x00007f7234002800 Uncommon trap -34 fr.pc 0x00007f72a4a3e484
Event: 26.909 Thread 0x00007f7234002800 Uncommon trap -34 fr.pc 0x00007f72a4e45378
Event: 26.937 Thread 0x00007f7234002800 Uncommon trap -34 fr.pc 0x00007f72a4e45378

Internal exceptions (10 events):
Event: 26.891 Thread 0x00007f7234002800 Threw 0x00000000f9fb0240 at /HUDSON/workspace/jdk7u11-2-build-linux-amd64-product/jdk7u11/hotspot/src/share/vm/prims/jvm.cpp:1166
Event: 26.891 Thread 0x00007f7234002800 Threw 0x00000000f9fb0ba0 at /HUDSON/workspace/jdk7u11-2-build-linux-amd64-product/jdk7u11/hotspot/src/share/vm/prims/jvm.cpp:1166
Event: 26.891 Thread 0x00007f7234002800 Threw 0x00000000f9fb1930 at /HUDSON/workspace/jdk7u11-2-build-linux-amd64-product/jdk7u11/hotspot/src/share/vm/prims/jvm.cpp:1166
Event: 26.891 Thread 0x00007f7234002800 Threw 0x00000000f9fb6e80 at /HUDSON/workspace/jdk7u11-2-build-linux-amd64-product/jdk7u11/hotspot/src/share/vm/prims/jvm.cpp:1166
Event: 26.892 Thread 0x00007f7234002800 Threw 0x00000000f9fbc0c0 at /HUDSON/workspace/jdk7u11-2-build-linux-amd64-product/jdk7u11/hotspot/src/share/vm/prims/jvm.cpp:1166
Event: 26.892 Thread 0x00007f7234002800 Threw 0x00000000f9fbcea0 at /HUDSON/workspace/jdk7u11-2-build-linux-amd64-product/jdk7u11/hotspot/src/share/vm/prims/jvm.cpp:1166
Event: 26.892 Thread 0x00007f7234002800 Threw 0x00000000f9fbd518 at /HUDSON/workspace/jdk7u11-2-build-linux-amd64-product/jdk7u11/hotspot/src/share/vm/classfile/systemDict
Event: 26.896 Thread 0x00007f7234002800 Threw 0x00000000f9ff7c80 at /HUDSON/workspace/jdk7u11-2-build-linux-amd64-product/jdk7u11/hotspot/src/share/vm/prims/jvm.cpp:1166
Event: 26.896 Thread 0x00007f7234002800 Threw 0x00000000f9ff8648 at /HUDSON/workspace/jdk7u11-2-build-linux-amd64-product/jdk7u11/hotspot/src/share/vm/prims/jvm.cpp:1166
Event: 26.896 Thread 0x00007f7234002800 Threw 0x00000000f9ff9468 at /HUDSON/workspace/jdk7u11-2-build-linux-amd64-product/jdk7u11/hotspot/src/share/vm/prims/jvm.cpp:1166

Events (10 events):
Event: 26.954 Executing VM operation: RevokeBias done
Event: 26.963 Executing VM operation: RevokeBias
Event: 26.963 Executing VM operation: RevokeBias done
Event: 26.963 Executing VM operation: RevokeBias
Event: 26.964 Executing VM operation: RevokeBias done
Event: 26.974 loading class 0x00007f72a840be90
Event: 26.974 loading class 0x00007f72a840be90 done
Event: 26.974 loading class 0x000000000255a5f0
Event: 26.974 loading class 0x000000000255a5f0 done
Event: 27.094 Executing VM operation: ParallelGCFailedAllocation


Dynamic libraries:
00400000-00401000 r-xp 00000000 08:12 924511                             /opt/java/bin/java
00600000-00601000 rw-p 00000000 08:12 924511                             /opt/java/bin/java
01f32000-02da3000 rw-p 00000000 00:00 0                                  [heap]
c0000000-100000000 rw-p 00000000 00:00 0 
7f7218000000-7f7218021000 rw-p 00000000 00:00 0 
7f7218021000-7f721c000000 ---p 00000000 00:00 0 
7f7220000000-7f7220021000 rw-p 00000000 00:00 0 
7f7220021000-7f7224000000 ---p 00000000 00:00 0 
7f7224000000-7f7224021000 rw-p 00000000 00:00 0 
7f7224021000-7f7228000000 ---p 00000000 00:00 0 
7f7228000000-7f7228021000 rw-p 00000000 00:00 0 
7f7228021000-7f722c000000 ---p 00000000 00:00 0 
7f722c000000-7f722c021000 rw-p 00000000 00:00 0 
7f722c021000-7f7230000000 ---p 00000000 00:00 0 
7f7230000000-7f7230021000 rw-p 00000000 00:00 0 
7f7230021000-7f7234000000 ---p 00000000 00:00 0 
7f7234000000-7f7234021000 rw-p 00000000 00:00 0 
7f7234021000-7f7238000000 ---p 00000000 00:00 0 
7f7238000000-7f723802e000 rw-p 00000000 00:00 0 
7f723802e000-7f723c000000 ---p 00000000 00:00 0 
7f723c000000-7f723c021000 rw-p 00000000 00:00 0 
7f723c021000-7f7240000000 ---p 00000000 00:00 0 
7f7240000000-7f7240021000 rw-p 00000000 00:00 0 
7f7240021000-7f7244000000 ---p 00000000 00:00 0 
7f7244000000-7f7244021000 rw-p 00000000 00:00 0 
7f7244021000-7f7248000000 ---p 00000000 00:00 0 
7f7248000000-7f7248021000 rw-p 00000000 00:00 0 
7f7248021000-7f724c000000 ---p 00000000 00:00 0 
7f724c000000-7f724c023000 rw-p 00000000 00:00 0 
7f724c023000-7f7250000000 ---p 00000000 00:00 0 
7f7250000000-7f7250021000 rw-p 00000000 00:00 0 
7f7250021000-7f7254000000 ---p 00000000 00:00 0 
7f7254000000-7f7254096000 rw-p 00000000 00:00 0 
7f7254096000-7f7258000000 ---p 00000000 00:00 0 
7f7258000000-7f7259694000 rw-p 00000000 00:00 0 
7f7259694000-7f725c000000 ---p 00000000 00:00 0 
7f725c000000-7f725c021000 rw-p 00000000 00:00 0 
7f725c021000-7f7260000000 ---p 00000000 00:00 0 
7f7260000000-7f726003d000 rw-p 00000000 00:00 0 
7f726003d000-7f7264000000 ---p 00000000 00:00 0 
7f7264000000-7f7264021000 rw-p 00000000 00:00 0 
7f7264021000-7f7268000000 ---p 00000000 00:00 0 
7f7268000000-7f7268021000 rw-p 00000000 00:00 0 
7f7268021000-7f726c000000 ---p 00000000 00:00 0 
7f726c000000-7f726c021000 rw-p 00000000 00:00 0 
7f726c021000-7f7270000000 ---p 00000000 00:00 0 
7f7270000000-7f7273ffa000 rw-p 00000000 00:00 0 
7f7273ffa000-7f7274000000 ---p 00000000 00:00 0 
7f7274000000-7f72773ba000 rw-p 00000000 00:00 0 
7f72773ba000-7f7278000000 ---p 00000000 00:00 0 
7f7278000000-7f7278031000 rw-p 00000000 00:00 0 
7f7278031000-7f727c000000 ---p 00000000 00:00 0 
7f727c000000-7f727c021000 rw-p 00000000 00:00 0 
7f727c021000-7f7280000000 ---p 00000000 00:00 0 
7f7280000000-7f7280221000 rw-p 00000000 00:00 0 
7f7280221000-7f7284000000 ---p 00000000 00:00 0 
7f7284000000-7f7284021000 rw-p 00000000 00:00 0 
7f7284021000-7f7288000000 ---p 00000000 00:00 0 
7f7288000000-7f7288021000 rw-p 00000000 00:00 0 
7f7288021000-7f728c000000 ---p 00000000 00:00 0 
7f7290000000-7f7290041000 rw-p 00000000 00:00 0 
7f7290041000-7f7294000000 ---p 00000000 00:00 0 
7f729507a000-7f729507d000 ---p 00000000 00:00 0 
7f729507d000-7f729517b000 rw-p 00000000 00:00 0 
7f729517b000-7f729517e000 ---p 00000000 00:00 0 
7f729517e000-7f729527c000 rw-p 00000000 00:00 0                          [stack:3660]
7f729527c000-7f729527f000 ---p 00000000 00:00 0 
7f729527f000-7f729537d000 rw-p 00000000 00:00 0                          [stack:3659]
7f729537d000-7f7295385000 r-xp 00000000 08:12 932475                     /opt/java/jre/lib/amd64/libmanagement.so
7f7295385000-7f7295584000 ---p 00008000 08:12 932475                     /opt/java/jre/lib/amd64/libmanagement.so
7f7295584000-7f7295585000 rw-p 00007000 08:12 932475                     /opt/java/jre/lib/amd64/libmanagement.so
7f7295585000-7f7295588000 ---p 00000000 00:00 0 
7f7295588000-7f7295686000 rw-p 00000000 00:00 0                          [stack:3653]
7f7295686000-7f7295689000 ---p 00000000 00:00 0 
7f7295689000-7f7295787000 rw-p 00000000 00:00 0                          [stack:3652]
7f7295787000-7f729578a000 ---p 00000000 00:00 0 
7f729578a000-7f7295888000 rw-p 00000000 00:00 0                          [stack:3651]
7f7295888000-7f729588b000 ---p 00000000 00:00 0 
7f729588b000-7f7295989000 rw-p 00000000 00:00 0                          [stack:3650]
7f7295989000-7f729598c000 ---p 00000000 00:00 0 
7f729598c000-7f7295a8a000 rw-p 00000000 00:00 0                          [stack:3649]
7f7295a8a000-7f7295a8d000 ---p 00000000 00:00 0 
7f7295a8d000-7f7295b8b000 rw-p 00000000 00:00 0                          [stack:3658]
7f7295b8b000-7f7295b8e000 ---p 00000000 00:00 0 
7f7295b8e000-7f7295c8c000 rw-p 00000000 00:00 0                          [stack:3662]
7f7295c8c000-7f7295c8f000 ---p 00000000 00:00 0 
7f7295c8f000-7f7295d8d000 rw-p 00000000 00:00 0                          [stack:3646]
7f7295d8d000-7f7295d90000 ---p 00000000 00:00 0 
7f7295d90000-7f7295e8e000 rw-p 00000000 00:00 0                          [stack:3645]
7f7295e8e000-7f7295e91000 ---p 00000000 00:00 0 
7f7295e91000-7f7295f8f000 rw-p 00000000 00:00 0                          [stack:3644]
7f7295f8f000-7f7295f92000 ---p 00000000 00:00 0 
7f7295f92000-7f7296090000 rw-p 00000000 00:00 0                          [stack:3643]
7f7296090000-7f7296093000 ---p 00000000 00:00 0 
7f7296093000-7f7296191000 rw-p 00000000 00:00 0                          [stack:3642]
7f7296191000-7f7296194000 ---p 00000000 00:00 0 
7f7296194000-7f7296292000 rw-p 00000000 00:00 0                          [stack:3641]
7f7296292000-7f72962a5000 r-xp 00000000 08:12 130395                     /usr/lib/libresolv-2.17.so
7f72962a5000-7f72964a5000 ---p 00013000 08:12 130395                     /usr/lib/libresolv-2.17.so
7f72964a5000-7f72964a6000 r--p 00013000 08:12 130395                     /usr/lib/libresolv-2.17.so
7f72964a6000-7f72964a7000 rw-p 00014000 08:12 130395                     /usr/lib/libresolv-2.17.so
7f72964a7000-7f72964a9000 rw-p 00000000 00:00 0 
7f72964a9000-7f72964ae000 r-xp 00000000 08:12 130357                     /usr/lib/libnss_dns-2.17.so
7f72964ae000-7f72966ad000 ---p 00005000 08:12 130357                     /usr/lib/libnss_dns-2.17.so
7f72966ad000-7f72966ae000 r--p 00004000 08:12 130357                     /usr/lib/libnss_dns-2.17.so
7f72966ae000-7f72966af000 rw-p 00005000 08:12 130357                     /usr/lib/libnss_dns-2.17.so
7f72966af000-7f72966b1000 r-xp 00000000 08:12 172294                     /usr/lib/libnss_mdns4_minimal.so.2
7f72966b1000-7f72968b0000 ---p 00002000 08:12 172294                     /usr/lib/libnss_mdns4_minimal.so.2
7f72968b0000-7f72968b1000 r--p 00001000 08:12 172294                     /usr/lib/libnss_mdns4_minimal.so.2
7f72968b1000-7f72968b2000 rw-p 00002000 08:12 172294                     /usr/lib/libnss_mdns4_minimal.so.2
7f72968b2000-7f72968b5000 ---p 00000000 00:00 0 
7f72968b5000-7f72969b3000 rw-p 00000000 00:00 0                          [stack:3640]
7f72969b3000-7f72969b6000 ---p 00000000 00:00 0 
7f72969b6000-7f7296ab4000 rw-p 00000000 00:00 0                          [stack:3639]
7f7296ab4000-7f7296ac9000 r-xp 00000000 08:12 131740                     /usr/lib/libgcc_s.so.1
7f7296ac9000-7f7296cc8000 ---p 00015000 08:12 131740                     /usr/lib/libgcc_s.so.1
7f7296cc8000-7f7296cc9000 rw-p 00014000 08:12 131740                     /usr/lib/libgcc_s.so.1
7f7296cc9000-7f7296cfb000 r-xp 00000000 08:12 932458                     /opt/java/jre/lib/amd64/libsunec.so
7f7296cfb000-7f7296efa000 ---p 00032000 08:12 932458                     /opt/java/jre/lib/amd64/libsunec.so
7f7296efa000-7f7296f00000 rw-p 00031000 08:12 932458                     /opt/java/jre/lib/amd64/libsunec.so
7f7296f00000-7f7296f10000 rw-p 00000000 00:00 0 
7f7296f10000-7f7296f13000 ---p 00000000 00:00 0 
7f7296f13000-7f7297011000 rw-p 00000000 00:00 0                          [stack:3638]
7f7297011000-7f7297021000 r-xp 00000000 08:12 925167                     /opt/java/jre/lib/amd64/libnio.so
7f7297021000-7f7297221000 ---p 00010000 08:12 925167                     /opt/java/jre/lib/amd64/libnio.so
7f7297221000-7f7297222000 rw-p 00010000 08:12 925167                     /opt/java/jre/lib/amd64/libnio.so
7f72972e0000-7f72972ea000 r--s 00371000 08:12 924637                     /opt/java/jre/lib/charsets.jar
7f72972ea000-7f72972f4000 r--s 00371000 08:12 924637                     /opt/java/jre/lib/charsets.jar
7f72972f4000-7f72972f8000 r--s 0002d000 08:12 932520                     /opt/java/jre/lib/ext/sunjce_provider.jar
7f72972f8000-7f72972f9000 r--s 00003000 08:12 932514                     /opt/java/jre/lib/ext/sunec.jar
7f72972f9000-7f72972fd000 r--s 00037000 08:12 932517                     /opt/java/jre/lib/ext/sunpkcs11.jar
7f72972fd000-7f72972ff000 r--s 00019000 08:12 924591                     /opt/java/jre/lib/jce.jar
7f72972ff000-7f729730d000 r--s 000bb000 08:13 4331549                    /home/matthias/.grails/2.1.2/projects/search/plugins/searchable-0.6.4/lib/lucene-core.jar
7f729730d000-7f7297311000 r--s 00020000 08:13 4330653                    /home/matthias/.grails/2.1.2/projects/search/plugins/searchable-0.6.4/lib/lucene-analyzers.jar
7f7297311000-7f7297313000 r--s 00007000 08:13 4331619                    /home/matthias/.grails/2.1.2/projects/search/plugins/searchable-0.6.4/lib/lucene-queries.jar
7f7297313000-7f7297344000 r--s 001df000 08:13 4331543                    /home/matthias/.grails/2.1.2/projects/search/plugins/searchable-0.6.4/lib/compass-2.2.1.jar
7f7297344000-7f7297345000 r--s 0001b000 08:13 4331571                    /home/matthias/.grails/2.1.2/projects/search/plugins/searchable-0.6.4/lib/lucene-snowball.jar
7f7297345000-7f7297348000 r--s 00014000 08:13 4331601                    /home/matthias/.grails/2.1.2/projects/search/plugins/searchable-0.6.4/lib/lucene-highlighter.jar
7f7297348000-7f729736b000 r--s 0017d000 08:13 4331593                    /home/matthias/.grails/2.1.2/projects/search/plugins/searchable-0.6.4/lib/compass-2.2.1-src.jar
7f729736b000-7f729736c000 r--s 00004000 08:13 4331597                    /home/matthias/.grails/2.1.2/projects/search/plugins/searchable-0.6.4/lib/lucene-spellchecker.jar
7f729736c000-7f7297370000 r--s 0002f000 08:13 5116117                    /home/matthias/.grails/ivy-cache/org.grails/grails-test/jars/grails-test-2.1.2.jar
7f7297370000-7f7297377000 r--s 0006c000 08:13 5116115                    /home/matthias/.grails/ivy-cache/org.grails/grails-plugin-testing/jars/grails-plugin-testing-2.1.2.jar
7f7297377000-7f7297378000 r--s 00002000 08:13 4066415                    /home/matthias/.grails/ivy-cache/org.hibernate/hibernate-ehcache/jars/hibernate-ehcache-3.6.10.Final.jar
7f7297378000-7f729737d000 r--s 00048000 08:13 4066413                    /home/matthias/.grails/ivy-cache/dom4j/dom4j/jars/dom4j-1.6.1.jar
7f729737d000-7f7297382000 r--s 00068000 08:13 4066411                    /home/matthias/.grails/ivy-cache/antlr/antlr/jars/antlr-2.7.7.jar
7f7297382000-7f729738b000 r--s 00098000 08:13 4066409                    /home/matthias/.grails/ivy-cache/org.javassist/javassist/jars/javassist-3.16.1-GA.jar
7f729738b000-7f729738e000 r--s 00009000 08:13 4066417                    /home/matthias/.grails/ivy-cache/javax.validation/validation-api/jars/validation-api-1.0.0.GA.jar
7f729738e000-7f7297395000 r--s 00040000 08:13 4066407                    /home/matthias/.grails/ivy-cache/org.hibernate/hibernate-validator/jars/hibernate-validator-4.1.0.Final.jar
7f7297395000-7f7297398000 r--s 0000f000 08:13 4066405                    /home/matthias/.grails/ivy-cache/org.hibernate/hibernate-commons-annotations/jars/hibernate-commons-annotations-3.2.0.Final.jar
7f7297398000-7f72973ca000 r--s 002c9000 08:13 4066403                    /home/matthias/.grails/ivy-cache/org.hibernate/hibernate-core/jars/hibernate-core-3.6.10.Final.jar
7f72973ca000-7f72973db000 r--s 000d2000 08:13 4066735                    /home/matthias/.grails/ivy-cache/org.liquibase/liquibase-core/jars/liquibase-core-2.0.5.jar
7f72973db000-7f72973dd000 r--s 00000000 08:13 3806424                    /home/matthias/.grails/ivy-cache/org.slf4j/jul-to-slf4j/jars/jul-to-slf4j-1.6.2.jar
7f72973dd000-7f72973df000 r--s 00003000 08:13 3674892                    /home/matthias/.grails/ivy-cache/org.slf4j/jcl-over-slf4j/jars/jcl-over-slf4j-1.6.2.jar
7f72973df000-7f72973e8000 r--s 0006d000 08:13 5116099                    /home/matthias/.grails/ivy-cache/log4j/log4j/bundles/log4j-1.2.16.jar
7f72973e8000-7f72973fd000 r--s 000e3000 08:13 5116097                    /home/matthias/.grails/ivy-cache/net.sf.ehcache/ehcache-core/jars/ehcache-core-2.4.6.jar
7f72973fd000-7f72973ff000 r--s 00005000 08:13 5116095                    /home/matthias/.grails/ivy-cache/xpp3/xpp3_min/jars/xpp3_min-1.1.4c.jar
7f72973ff000-7f7297401000 r--s 00004000 08:13 5116093                    /home/matthias/.grails/ivy-cache/javax.servlet/jstl/jars/jstl-1.1.2.jar
7f7297401000-7f729740b000 r--s 0012c000 08:13 5116091                    /home/matthias/.grails/ivy-cache/com.h2database/h2/jars/h2-1.3.164.jar
7f729740b000-7f729740e000 r--s 00016000 08:13 5116089                    /home/matthias/.grails/ivy-cache/commons-pool/commons-pool/jars/commons-pool-1.5.6.jar
7f729740e000-7f7297411000 r--s 00025000 08:13 5116087                    /home/matthias/.grails/ivy-cache/commons-dbcp/commons-dbcp/jars/commons-dbcp-1.4.jar
7f7297411000-7f7297413000 r--s 0000e000 08:13 5116085                    /home/matthias/.grails/ivy-cache/oro/oro/jars/oro-2.0.8.jar
7f7297413000-7f7297415000 r--s 0000d000 08:13 5116083                    /home/matthias/.grails/ivy-cache/commons-fileupload/commons-fileupload/jars/commons-fileupload-1.2.2.jar
7f7297415000-7f7297416000 r--s 0000a000 08:13 5116081                    /home/matthias/.grails/ivy-cache/asm/asm/jars/asm-3.1.jar
7f7297416000-7f729741d000 r--s 0003e000 08:13 5116079                    /home/matthias/.grails/ivy-cache/cglib/cglib/jars/cglib-2.2.jar
7f729741d000-7f7297421000 r--s 00019000 08:13 5116077                    /home/matthias/.grails/ivy-cache/org.aspectj/aspectjrt/jars/aspectjrt-1.6.10.jar
7f7297421000-7f7297437000 r--s 00184000 08:13 5116075                    /home/matthias/.grails/ivy-cache/org.aspectj/aspectjweaver/jars/aspectjweaver-1.6.10.jar
7f7297437000-7f729743e000 r--s 00056000 08:13 5116071                    /home/matthias/.grails/ivy-cache/org.grails/grails-datastore-simple/jars/grails-datastore-simple-1.1.1.RELEASE.jar
7f729743e000-7f7297447000 r--s 00044000 08:13 5116069                    /home/matthias/.grails/ivy-cache/org.grails/grails-datastore-core/jars/grails-datastore-core-1.1.1.RELEASE.jar
7f7297447000-7f729744d000 r--s 0004c000 08:13 5116067                    /home/matthias/.grails/ivy-cache/org.grails/grails-datastore-gorm/jars/grails-datastore-gorm-1.1.1.RELEASE.jar
7f729744d000-7f7297458000 r--s 00082000 08:13 5116065                    /home/matthias/.grails/ivy-cache/org.springframework/spring-webmvc/jars/spring-webmvc-3.1.2.RELEASE.jar
7f7297458000-7f7297464000 r--s 0007a000 08:13 5116063                    /home/matthias/.grails/ivy-cache/org.springframework/spring-web/jars/spring-web-3.1.2.RELEASE.jar
7f7297464000-7f729746b000 r--s 00035000 08:13 5116061                    /home/matthias/.grails/ivy-cache/org.springframework/spring-tx/jars/spring-tx-3.1.2.RELEASE.jar
7f729746b000-7f7297474000 r--s 00054000 08:13 5116059                    /home/matthias/.grails/ivy-cache/org.springframework/spring-orm/jars/spring-orm-3.1.2.RELEASE.jar
7f7297474000-7f7297479000 r--s 0002c000 08:13 5116057                    /home/matthias/.grails/ivy-cache/org.springframework/spring-jms/jars/spring-jms-3.1.2.RELEASE.jar
7f7297479000-7f7297483000 r--s 00059000 08:13 5116055                    /home/matthias/.grails/ivy-cache/org.springframework/spring-jdbc/jars/spring-jdbc-3.1.2.RELEASE.jar
7f7297483000-7f7297487000 r--s 00027000 08:13 5116053                    /home/matthias/.grails/ivy-cache/org.springframework/spring-expression/jars/spring-expression-3.1.2.RELEASE.jar
7f7297487000-7f729748a000 r--s 00018000 08:13 5116051                    /home/matthias/.grails/ivy-cache/org.springframework/spring-context-support/jars/spring-context-support-3.1.2.RELEASE.jar
7f729748a000-7f729749f000 r--s 000b7000 08:13 5116049                    /home/matthias/.grails/ivy-cache/org.springframework/spring-context/jars/spring-context-3.1.2.RELEASE.jar
7f729749f000-7f72974ab000 r--s 00085000 08:13 5116047                    /home/matthias/.grails/ivy-cache/org.springframework/spring-beans/jars/spring-beans-3.1.2.RELEASE.jar
7f72974ab000-7f72974ac000 r--s 0000c000 08:13 5116045                    /home/matthias/.grails/ivy-cache/org.springframework/spring-asm/jars/spring-asm-3.1.2.RELEASE.jar
7f72974ac000-7f72974ae000 r--s 0000b000 08:13 5116043                    /home/matthias/.grails/ivy-cache/org.springframework/spring-aspects/jars/spring-aspects-3.1.2.RELEASE.jar
7f72974ae000-7f72974b7000 r--s 00049000 08:13 5116041                    /home/matthias/.grails/ivy-cache/org.springframework/spring-aop/jars/spring-aop-3.1.2.RELEASE.jar
7f72974b7000-7f72974c1000 r--s 00064000 08:13 5116039                    /home/matthias/.grails/ivy-cache/org.springframework/spring-core/jars/spring-core-3.1.2.RELEASE.jar
7f72974c1000-7f72974c3000 r--s 00008000 08:13 5116037                    /home/matthias/.grails/ivy-cache/org.grails/grails-plugin-validation/jars/grails-plugin-validation-2.1.2.jar
7f72974c3000-7f72974c6000 r--s 0001c000 08:13 5116035                    /home/matthias/.grails/ivy-cache/org.grails/grails-plugin-url-mappings/jars/grails-plugin-url-mappings-2.1.2.jar
7f72974c6000-7f72974c8000 r--s 0000f000 08:13 5116033                    /home/matthias/.grails/ivy-cache/org.grails/grails-plugin-mimetypes/jars/grails-plugin-mimetypes-2.1.2.jar
7f72974c8000-7f72974ca000 r--s 00006000 08:13 5116031                    /home/matthias/.grails/ivy-cache/org.grails/grails-plugin-servlets/jars/grails-plugin-servlets-2.1.2.jar
7f72974ca000-7f72974cb000 r--s 00008000 08:13 5116029                    /home/matthias/.grails/ivy-cache/org.grails/grails-plugin-services/jars/grails-plugin-services-2.1.2.jar
7f72974cb000-7f72974cd000 r--s 00006000 08:13 5116027                    /home/matthias/.grails/ivy-cache/org.grails/grails-plugin-scaffolding/jars/grails-plugin-scaffolding-2.1.2.jar
7f72974cd000-7f72974cf000 r--s 0000e000 08:13 5116025                    /home/matthias/.grails/ivy-cache/org.grails/grails-plugin-log4j/jars/grails-plugin-log4j-2.1.2.jar
7f72974cf000-7f72974d1000 r--s 00005000 08:13 5116023                    /home/matthias/.grails/ivy-cache/org.grails/grails-plugin-i18n/jars/grails-plugin-i18n-2.1.2.jar
7f72974d1000-7f72974d8000 r--s 0006d000 08:13 5116021                    /home/matthias/.grails/ivy-cache/org.grails/grails-plugin-gsp/jars/grails-plugin-gsp-2.1.2.jar
7f72974d8000-7f72974da000 r--s 0000e000 08:13 5116019                    /home/matthias/.grails/ivy-cache/org.grails/grails-plugin-filters/jars/grails-plugin-filters-2.1.2.jar
7f72974da000-7f72974dc000 r--s 00009000 08:13 5116017                    /home/matthias/.grails/ivy-cache/org.grails/grails-plugin-datasource/jars/grails-plugin-datasource-2.1.2.jar
7f72974dc000-7f72974e0000 r--s 00024000 08:13 5116015                    /home/matthias/.grails/ivy-cache/org.grails/grails-plugin-converters/jars/grails-plugin-converters-2.1.2.jar
7f72974e0000-7f72974e3000 r--s 00019000 08:13 5116013                    /home/matthias/.grails/ivy-cache/org.grails/grails-plugin-domain-class/jars/grails-plugin-domain-class-2.1.2.jar
7f72974e3000-7f72974e7000 r--s 00028000 08:13 5116011                    /home/matthias/.grails/ivy-cache/org.grails/grails-plugin-controllers/jars/grails-plugin-controllers-2.1.2.jar
7f72974e7000-7f72974e9000 r--s 00015000 08:13 5116009                    /home/matthias/.grails/ivy-cache/org.grails/grails-plugin-codecs/jars/grails-plugin-codecs-2.1.2.jar
7f72974e9000-7f72974ea000 r--s 00000000 08:13 5116007                    /home/matthias/.grails/ivy-cache/org.grails/grails-logging/jars/grails-logging-2.1.2.jar
7f72974ea000-7f72974ec000 r--s 00009000 08:13 5116005                    /home/matthias/.grails/ivy-cache/org.grails/grails-spring/jars/grails-spring-2.1.2.jar
7f72974ec000-7f72974f7000 r--s 0008a000 08:13 5116003                    /home/matthias/.grails/ivy-cache/org.grails/grails-hibernate/jars/grails-hibernate-2.1.2.jar
7f72974f7000-7f72974f9000 r--s 00009000 08:13 5116001                    /home/matthias/.grails/ivy-cache/org.grails/grails-crud/jars/grails-crud-2.1.2.jar
7f72974f9000-7f72974ff000 r--s 00027000 08:13 5115999                    /home/matthias/.grails/ivy-cache/opensymphony/sitemesh/jars/sitemesh-2.4.jar
7f72974ff000-7f7297504000 r--s 00015000 08:13 5115997                    /home/matthias/.grails/ivy-cache/org.hibernate.javax.persistence/hibernate-jpa-2.0-api/jars/hibernate-jpa-2.0-api-1.0.1.Final.jar
7f7297504000-7f7297505000 r--s 00003000 08:13 5115995                    /home/matthias/.grails/ivy-cache/javax.transaction/jta/jars/jta-1.1.jar
7f7297505000-7f729750a000 r--s 00041000 08:13 5115993                    /home/matthias/.grails/ivy-cache/commons-lang/commons-lang/jars/commons-lang-2.6.jar
7f729750a000-7f729750d000 r--s 00025000 08:13 5115991                    /home/matthias/.grails/ivy-cache/commons-io/commons-io/jars/commons-io-2.1.jar
7f729750d000-7f729751b000 r--s 0007f000 08:13 5115989                    /home/matthias/.grails/ivy-cache/commons-collections/commons-collections/jars/commons-collections-3.2.1.jar
7f729751b000-7f729751d000 r--s 00010000 08:13 5115987                    /home/matthias/.grails/ivy-cache/commons-codec/commons-codec/jars/commons-codec-1.5.jar
7f729751d000-7f7297520000 r--s 0001f000 08:13 5115983                    /home/matthias/.grails/ivy-cache/commons-validator/commons-validator/jars/commons-validator-1.3.1.jar
7f7297520000-7f7297523000 r--s 00019000 08:13 5115981                    /home/matthias/.grails/ivy-cache/commons-el/commons-el/jars/commons-el-1.0.jar
7f7297523000-7f7297528000 r--s 00034000 08:13 5115979                    /home/matthias/.grails/ivy-cache/commons-beanutils/commons-beanutils/jars/commons-beanutils-1.8.3.jar
7f7297528000-7f7297586000 r--s 00592000 08:13 4981045                    /home/matthias/.grails/ivy-cache/org.codehaus.groovy/groovy-all/jars/groovy-all-1.8.8.jar
7f7297586000-7f7297596000 r--s 0019c000 08:13 5116221                    /home/matthias/.grails/ivy-cache/org.eclipse.jdt.core.compiler/ecj/jars/ecj-3.7.2.jar
7f7297596000-7f72975a1000 r--s 000b6000 08:13 3806418                    /home/matthias/.grails/ivy-cache/org.apache.tomcat.embed/tomcat-embed-jasper/jars/tomcat-embed-jasper-7.0.30.jar
7f72975a1000-7f72975c3000 r--s 00254000 08:13 3674886                    /home/matthias/.grails/ivy-cache/org.apache.tomcat.embed/tomcat-embed-core/jars/tomcat-embed-core-7.0.30.jar
7f72975c3000-7f72975cd000 r--s 00254000 08:12 924622                     /opt/java/jre/lib/resources.jar
7f72975cd000-7f72975e2000 r-xp 00000000 00:1d 105793                     /tmp/jna2337315062459160808.tmp
7f72975e2000-7f72976e1000 ---p 00015000 00:1d 105793                     /tmp/jna2337315062459160808.tmp
7f72976e1000-7f72976e3000 rw-p 00014000 00:1d 105793                     /tmp/jna2337315062459160808.tmp
7f72976e3000-7f72976f8000 r-xp 00000000 08:12 925172                     /opt/java/jre/lib/amd64/libnet.so
7f72976f8000-7f72978f8000 ---p 00015000 08:12 925172                     /opt/java/jre/lib/amd64/libnet.so
7f72978f8000-7f72978f9000 rw-p 00015000 08:12 925172                     /opt/java/jre/lib/amd64/libnet.so
7f72978f9000-7f72978fc000 ---p 00000000 00:00 0 
7f72978fc000-7f72979fa000 rw-p 00000000 00:00 0                          [stack:3630]
7f72979fa000-7f72979fb000 r-xp 00000000 08:12 528343                     /usr/share/intellij-idea-ultimate-edition/bin/libbreakgen64.so
7f72979fb000-7f7297bfa000 ---p 00001000 08:12 528343                     /usr/share/intellij-idea-ultimate-edition/bin/libbreakgen64.so
7f7297bfa000-7f7297bfb000 r--p 00000000 08:12 528343                     /usr/share/intellij-idea-ultimate-edition/bin/libbreakgen64.so
7f7297bfb000-7f7297bfc000 rw-p 00001000 08:12 528343                     /usr/share/intellij-idea-ultimate-edition/bin/libbreakgen64.so
7f7297bfc000-7f7297bfd000 ---p 00000000 00:00 0 
7f7297bfd000-7f7297cfd000 rw-p 00000000 00:00 0                          [stack:3629]
7f7297cfd000-7f7297d00000 ---p 00000000 00:00 0 
7f7297d00000-7f7297dfe000 rw-p 00000000 00:00 0                          [stack:3628]
7f7297dfe000-7f7297e01000 ---p 00000000 00:00 0 
7f7297e01000-7f7297eff000 rw-p 00000000 00:00 0                          [stack:3627]
7f7297eff000-7f7297f02000 ---p 00000000 00:00 0 
7f7297f02000-7f7298000000 rw-p 00000000 00:00 0                          [stack:3626]
7f7298000000-7f7298041000 rw-p 00000000 00:00 0 
7f7298041000-7f729c000000 ---p 00000000 00:00 0 
7f729c000000-7f729c002000 r--s 00000000 08:13 5115985                    /home/matthias/.grails/ivy-cache/aopalliance/aopalliance/jars/aopalliance-1.0.jar
7f729c002000-7f729c004000 r--s 0000d000 08:13 5116223                    /home/matthias/.grails/ivy-cache/org.grails/grails-plugin-tomcat/jars/grails-plugin-tomcat-2.1.2.jar
7f729c004000-7f729c006000 r--s 00008000 08:13 3547466                    /home/matthias/.grails/ivy-cache/org.apache.tomcat.embed/tomcat-embed-logging-juli/jars/tomcat-embed-logging-juli-7.0.30.jar
7f729c006000-7f729c008000 r--s 0000c000 08:13 5116219                    /home/matthias/.grails/ivy-cache/org.apache.tomcat/tomcat-catalina-ant/jars/tomcat-catalina-ant-7.0.30.jar
7f729c008000-7f729c009000 r--s 00001000 08:13 4460980                    /home/matthias/.grails/ivy-cache/org.apache.ant/ant-trax/jars/ant-trax-1.7.1.jar
7f729c009000-7f729c00b000 r--s 00017000 08:13 4330704                    /home/matthias/.grails/ivy-cache/org.apache.ant/ant-junit/jars/ant-junit-1.8.2.jar
7f729c00b000-7f729c00d000 r--s 00002000 08:13 4198885                    /home/matthias/.grails/ivy-cache/org.apache.ant/ant-launcher/jars/ant-launcher-1.8.2.jar
7f729c00d000-7f729c02b000 r--s 001bb000 08:13 5112982                    /home/matthias/.grails/ivy-cache/org.apache.ant/ant/jars/ant-1.8.2.jar
7f729c02b000-7f729c032000 r--s 00037000 08:13 5112964                    /home/matthias/.grails/ivy-cache/junit/junit/jars/junit-4.10.jar
7f729c032000-7f729c035000 r--s 0000b000 08:13 5112962                    /home/matthias/.grails/ivy-cache/com.googlecode.concurrentlinkedhashmap/concurrentlinkedhashmap-lru/jars/concurrentlinkedhashmap-lru-1.2_jdk5.jar
7f729c035000-7f729c03b000 r--s 00033000 08:13 5112959                    /home/matthias/.grails/ivy-cache/org.springframework/spring-test/jars/spring-test-3.1.2.RELEASE.jar
7f729c03b000-7f729c03d000 r--s 00005000 08:13 5112955                    /home/matthias/.grails/ivy-cache/org.slf4j/slf4j-api/jars/slf4j-api-1.6.2.jar
7f729c03d000-7f729c04a000 r--s 000b7000 08:13 5112953                    /home/matthias/.grails/ivy-cache/org.grails/grails-web/jars/grails-web-2.1.2.jar
7f729c04a000-7f729c059000 r--s 000b5000 08:13 4981035                    /home/matthias/.grails/ivy-cache/org.grails/grails-core/jars/grails-core-2.1.2.jar
7f729c059000-7f729c063000 r--s 00100000 08:13 4981033                    /home/matthias/.grails/ivy-cache/org.grails/grails-scripts/jars/grails-scripts-2.1.2.jar
7f729c063000-7f729c088000 r--s 00172000 08:13 4592126                    /home/matthias/.grails/ivy-cache/org.bouncycastle/bcprov-jdk15/jars/bcprov-jdk15-1.45.jar
7f729c088000-7f729c08f000 r--s 00068000 08:12 265300                     /usr/share/grails/lib/com.springsource.springloaded/springloaded-core/jars/springloaded-core-1.1.0.jar
7f729c08f000-7f729c091000 r--s 00013000 08:12 526556                     /usr/share/intellij-idea-ultimate-edition/lib/idea_rt.jar
7f729c091000-7f729c09b000 r--s 000a8000 08:12 284926                     /usr/share/grails/dist/grails-bootstrap-2.1.2.jar
7f729c09b000-7f729c0f9000 r--s 00592000 08:12 265283                     /usr/share/grails/lib/org.codehaus.groovy/groovy-all/jars/groovy-all-1.8.8.jar
7f729c0f9000-7f729c0fc000 ---p 00000000 00:00 0 
7f729c0fc000-7f729c1fa000 rw-p 00000000 00:00 0                          [stack:3625]
7f729c1fa000-7f729c3c1000 r--p 00000000 08:12 200478                     /usr/lib/locale/locale-archive
7f729c3c1000-7f729c3c4000 ---p 00000000 00:00 0 
7f729c3c4000-7f729c4c2000 rw-p 00000000 00:00 0                          [stack:3624]
7f729c4c2000-7f729c4c5000 ---p 00000000 00:00 0 
7f729c4c5000-7f729c5c3000 rw-p 00000000 00:00 0                          [stack:3623]
7f729c5c3000-7f729c5c4000 ---p 00000000 00:00 0 
7f729c5c4000-7f729d643000 rw-p 00000000 00:00 0                          [stack:3622]
7f729d643000-7f729d800000 r--s 039dc000 08:12 924609                     /opt/java/jre/lib/rt.jar
7f729d800000-7f72a0000000 rw-p 00000000 00:00 0 
7f72a0000000-7f72a0021000 rw-p 00000000 00:00 0 
7f72a0021000-7f72a4000000 ---p 00000000 00:00 0 
7f72a4000000-7f72a4002000 r--s 00013000 08:13 4724254                    /home/matthias/.grails/ivy-cache/org.apache.tomcat.embed/tomcat-embed-logging-log4j/jars/tomcat-embed-logging-log4j-7.0.30.jar
7f72a4002000-7f72a400c000 r--s 000a8000 08:13 4981029                    /home/matthias/.grails/ivy-cache/org.grails/grails-bootstrap/jars/grails-bootstrap-2.1.2.jar
7f72a400c000-7f72a400f000 ---p 00000000 00:00 0 
7f72a400f000-7f72a4034000 rw-p 00000000 00:00 0                          [stack:3632]
7f72a4034000-7f72a409e000 r--s 00e18000 08:12 932531                     /opt/java/lib/tools.jar
7f72a409e000-7f72a409f000 ---p 00000000 00:00 0 
7f72a409f000-7f72a419f000 rw-p 00000000 00:00 0                          [stack:3621]
7f72a419f000-7f72a41a0000 ---p 00000000 00:00 0 
7f72a41a0000-7f72a42a0000 rw-p 00000000 00:00 0                          [stack:3620]
7f72a42a0000-7f72a42a1000 ---p 00000000 00:00 0 
7f72a42a1000-7f72a43a1000 rw-p 00000000 00:00 0                          [stack:3619]
7f72a43a1000-7f72a43a2000 ---p 00000000 00:00 0 
7f72a43a2000-7f72a4622000 rw-p 00000000 00:00 0                          [stack:3618]
7f72a4622000-7f72a47a3000 rw-p 00000000 00:00 0 
7f72a47a3000-7f72a4e73000 rwxp 00000000 00:00 0 
7f72a4e73000-7f72a77a3000 rw-p 00000000 00:00 0 
7f72a77a3000-7f72a77bd000 r-xp 00000000 08:12 932477                     /opt/java/jre/lib/amd64/libzip.so
7f72a77bd000-7f72a79bd000 ---p 0001a000 08:12 932477                     /opt/java/jre/lib/amd64/libzip.so
7f72a79bd000-7f72a79be000 rw-p 0001a000 08:12 932477                     /opt/java/jre/lib/amd64/libzip.so
7f72a79be000-7f72a79ca000 r-xp 00000000 08:12 130404                     /usr/lib/libnss_files-2.17.so
7f72a79ca000-7f72a7bc9000 ---p 0000c000 08:12 130404                     /usr/lib/libnss_files-2.17.so
7f72a7bc9000-7f72a7bca000 r--p 0000b000 08:12 130404                     /usr/lib/libnss_files-2.17.so
7f72a7bca000-7f72a7bcb000 rw-p 0000c000 08:12 130404                     /usr/lib/libnss_files-2.17.so
7f72a7bcb000-7f72a7bd5000 r-xp 00000000 08:12 925171                     /opt/java/jre/lib/amd64/libinstrument.so
7f72a7bd5000-7f72a7dd4000 ---p 0000a000 08:12 925171                     /opt/java/jre/lib/amd64/libinstrument.so
7f72a7dd4000-7f72a7dd5000 rw-p 00009000 08:12 925171                     /opt/java/jre/lib/amd64/libinstrument.so
7f72a7dd5000-7f72a7dfe000 r-xp 00000000 08:12 932468                     /opt/java/jre/lib/amd64/libjava.so
7f72a7dfe000-7f72a7ffe000 ---p 00029000 08:12 932468                     /opt/java/jre/lib/amd64/libjava.so
7f72a7ffe000-7f72a8000000 rw-p 00029000 08:12 932468                     /opt/java/jre/lib/amd64/libjava.so
7f72a8000000-7f72a9393000 rw-p 00000000 00:00 0 
7f72a9393000-7f72ac000000 ---p 00000000 00:00 0 
7f72ac001000-7f72ac004000 r--s 00026000 08:13 5112949                    /home/matthias/.grails/ivy-cache/org.grails/grails-resources/jars/grails-resources-2.1.2.jar
7f72ac004000-7f72ac007000 r--s 00044000 08:13 4853293                    /home/matthias/.grails/ivy-cache/org.grails/grails-docs/jars/grails-docs-2.1.2.jar
7f72ac007000-7f72ac00a000 r--s 00041000 08:13 4853291                    /home/matthias/.grails/ivy-cache/xalan/serializer/jars/serializer-2.7.1.jar
7f72ac00a000-7f72ac019000 r--s 000d9000 08:13 4724246                    /home/matthias/.grails/ivy-cache/org.apache.ivy/ivy/jars/ivy-2.2.0.jar
7f72ac019000-7f72ac01f000 r--s 00068000 08:13 4330701                    /home/matthias/.grails/ivy-cache/com.google.protobuf/protobuf-java/jars/protobuf-java-2.4.1.jar
7f72ac01f000-7f72ac024000 r--s 00050000 08:12 408651                     /usr/share/grails/lib/org.codehaus.gant/gant_groovy1.8/jars/gant_groovy1.8-1.9.6.jar
7f72ac024000-7f72ac042000 r--s 001bb000 08:12 408343                     /usr/share/grails/lib/org.apache.ant/ant/jars/ant-1.8.2.jar
7f72ac042000-7f72ac0c2000 rw-p 00000000 00:00 0 
7f72ac0c2000-7f72ac0cf000 r-xp 00000000 08:12 932466                     /opt/java/jre/lib/amd64/libverify.so
7f72ac0cf000-7f72ac2ce000 ---p 0000d000 08:12 932466                     /opt/java/jre/lib/amd64/libverify.so
7f72ac2ce000-7f72ac2d0000 rw-p 0000c000 08:12 932466                     /opt/java/jre/lib/amd64/libverify.so
7f72ac2d0000-7f72ac2d7000 r-xp 00000000 08:12 130340                     /usr/lib/librt-2.17.so
7f72ac2d7000-7f72ac4d6000 ---p 00007000 08:12 130340                     /usr/lib/librt-2.17.so
7f72ac4d6000-7f72ac4d7000 r--p 00006000 08:12 130340                     /usr/lib/librt-2.17.so
7f72ac4d7000-7f72ac4d8000 rw-p 00007000 08:12 130340                     /usr/lib/librt-2.17.so
7f72ac4d8000-7f72ac5d5000 r-xp 00000000 08:12 130339                     /usr/lib/libm-2.17.so
7f72ac5d5000-7f72ac7d4000 ---p 000fd000 08:12 130339                     /usr/lib/libm-2.17.so
7f72ac7d4000-7f72ac7d5000 r--p 000fc000 08:12 130339                     /usr/lib/libm-2.17.so
7f72ac7d5000-7f72ac7d6000 rw-p 000fd000 08:12 130339                     /usr/lib/libm-2.17.so
7f72ac7d6000-7f72ad21d000 r-xp 00000000 08:12 932487                     /opt/java/jre/lib/amd64/server/libjvm.so
7f72ad21d000-7f72ad41d000 ---p 00a47000 08:12 932487                     /opt/java/jre/lib/amd64/server/libjvm.so
7f72ad41d000-7f72ad4c0000 rw-p 00a47000 08:12 932487                     /opt/java/jre/lib/amd64/server/libjvm.so
7f72ad4c0000-7f72ad4fc000 rw-p 00000000 00:00 0 
7f72ad4fc000-7f72ad6a0000 r-xp 00000000 08:12 130338                     /usr/lib/libc-2.17.so
7f72ad6a0000-7f72ad89f000 ---p 001a4000 08:12 130338                     /usr/lib/libc-2.17.so
7f72ad89f000-7f72ad8a3000 r--p 001a3000 08:12 130338                     /usr/lib/libc-2.17.so
7f72ad8a3000-7f72ad8a5000 rw-p 001a7000 08:12 130338                     /usr/lib/libc-2.17.so
7f72ad8a5000-7f72ad8a9000 rw-p 00000000 00:00 0 
7f72ad8a9000-7f72ad8ac000 r-xp 00000000 08:12 130383                     /usr/lib/libdl-2.17.so
7f72ad8ac000-7f72adaab000 ---p 00003000 08:12 130383                     /usr/lib/libdl-2.17.so
7f72adaab000-7f72adaac000 r--p 00002000 08:12 130383                     /usr/lib/libdl-2.17.so
7f72adaac000-7f72adaad000 rw-p 00003000 08:12 130383                     /usr/lib/libdl-2.17.so
7f72adaad000-7f72adac3000 r-xp 00000000 08:12 932486                     /opt/java/jre/lib/amd64/jli/libjli.so
7f72adac3000-7f72adcc3000 ---p 00016000 08:12 932486                     /opt/java/jre/lib/amd64/jli/libjli.so
7f72adcc3000-7f72adcc4000 rw-p 00016000 08:12 932486                     /opt/java/jre/lib/amd64/jli/libjli.so
7f72adcc4000-7f72adcdb000 r-xp 00000000 08:12 130377                     /usr/lib/libpthread-2.17.so
7f72adcdb000-7f72adeda000 ---p 00017000 08:12 130377                     /usr/lib/libpthread-2.17.so
7f72adeda000-7f72adedb000 r--p 00016000 08:12 130377                     /usr/lib/libpthread-2.17.so
7f72adedb000-7f72adedc000 rw-p 00017000 08:12 130377                     /usr/lib/libpthread-2.17.so
7f72adedc000-7f72adee0000 rw-p 00000000 00:00 0 
7f72adee0000-7f72adf01000 r-xp 00000000 08:12 130379                     /usr/lib/ld-2.17.so
7f72adf02000-7f72adf05000 r--s 000cf000 08:13 4724252                    /home/matthias/.grails/ivy-cache/net.java.dev.jna/jna/jars/jna-3.2.3.jar
7f72adf05000-7f72adf08000 r--s 0001a000 08:13 4330694                    /home/matthias/.grails/ivy-cache/org.springframework.uaa/org.springframework.uaa.client/bundles/org.springframework.uaa.client-1.0.1.RELEASE.jar
7f72adf08000-7f72adf24000 rw-p 00000000 00:00 0 
7f72adf24000-7f72adfc8000 rw-p 00000000 00:00 0 
7f72adfc8000-7f72adfcb000 ---p 00000000 00:00 0 
7f72adfcb000-7f72ae0ce000 rw-p 00000000 00:00 0                          [stack:3617]
7f72ae0ce000-7f72ae0d0000 r--s 00008000 08:13 4724250                    /home/matthias/.grails/ivy-cache/org.fusesource.jansi/jansi/jars/jansi-1.2.1.jar
7f72ae0d0000-7f72ae0d2000 r--s 00015000 08:13 4724244                    /home/matthias/.grails/ivy-cache/jline/jline/jars/jline-1.0.jar
7f72ae0d2000-7f72ae0d7000 r--s 00024000 08:13 4460976                    /home/matthias/.grails/ivy-cache/org.bouncycastle/bcpg-jdk15/jars/bcpg-jdk15-1.45.jar
7f72ae0d7000-7f72ae0d8000 r--s 00003000 08:13 4460973                    /home/matthias/.grails/ivy-cache/com.googlecode.json-simple/json-simple/jars/json-simple-1.1.jar
7f72ae0d8000-7f72ae0da000 r--s 00001000 08:12 932516                     /opt/java/jre/lib/ext/dnsns.jar
7f72ae0da000-7f72ae0de000 r--s 00089000 08:12 924628                     /opt/java/jre/lib/jsse.jar
7f72ae0de000-7f72ae0ed000 r--s 000d9000 08:12 265327                     /usr/share/grails/lib/org.apache.ivy/ivy/jars/ivy-2.2.0.jar
7f72ae0ed000-7f72ae0ef000 r--s 00009000 08:12 408331                     /usr/share/grails/lib/commons-cli/commons-cli/jars/commons-cli-1.2.jar
7f72ae0ef000-7f72ae0f2000 r--s 000cf000 08:12 408264                     /usr/share/grails/lib/net.java.dev.jna/jna/jars/jna-3.2.3.jar
7f72ae0f2000-7f72ae0f4000 r--s 00008000 08:12 408679                     /usr/share/grails/lib/org.fusesource.jansi/jansi/jars/jansi-1.2.1.jar
7f72ae0f4000-7f72ae0f6000 r--s 00015000 08:12 408660                     /usr/share/grails/lib/jline/jline/jars/jline-1.0.jar
7f72ae0f6000-7f72ae0fe000 rw-s 00000000 00:1d 110074                     /tmp/hsperfdata_matthias/3616
7f72ae0fe000-7f72ae0ff000 rw-p 00000000 00:00 0 
7f72ae0ff000-7f72ae100000 ---p 00000000 00:00 0 
7f72ae100000-7f72ae101000 rw-p 00000000 00:00 0 
7f72ae101000-7f72ae102000 r--p 00021000 08:12 130379                     /usr/lib/ld-2.17.so
7f72ae102000-7f72ae103000 rw-p 00022000 08:12 130379                     /usr/lib/ld-2.17.so
7f72ae103000-7f72ae104000 rw-p 00000000 00:00 0 
7fff5a708000-7fff5a729000 rw-p 00000000 00:00 0                          [stack]
7fff5a7c8000-7fff5a7c9000 r-xp 00000000 00:00 0                          [vdso]
ffffffffff600000-ffffffffff601000 r-xp 00000000 00:00 0                  [vsyscall]

VM Arguments:
jvm_args: -Dgrails.home=/usr/share/grails -Dbase.dir=/home/matthias/IdeaProjects/project_test/search -Dtools.jar=/opt/java/lib/tools.jar -Dgroovy.starter.conf=/usr/share/grails/conf/groovy-starter.conf -Xmx768M -Xms768M -XX:MaxPermSize=256m -XX:PermSize=256m -javaagent:/usr/share/grails/lib/com.springsource.springloaded/springloaded-core/jars/springloaded-core-1.1.0.jar -Xverify:none -Dspringloaded=profile=grails -Didea.launcher.port=7536 -Didea.launcher.bin.path=/usr/share/intellij-idea-ultimate-edition/bin -Dfile.encoding=UTF-8 
java_command: com.intellij.rt.execution.application.AppMain org.codehaus.groovy.grails.cli.support.GrailsStarter --main org.codehaus.groovy.grails.cli.GrailsScriptRunner --conf /usr/share/grails/conf/groovy-starter.conf run-app
Launcher Type: SUN_STANDARD

Environment Variables:
JAVA_HOME=/opt/java
CLASSPATH=/usr/share/intellij-idea-ultimate-edition/bin/../lib/bootstrap.jar:/usr/share/intellij-idea-ultimate-edition/bin/../lib/extensions.jar:/usr/share/intellij-idea-ultimate-edition/bin/../lib/util.jar:/usr/share/intellij-idea-ultimate-edition/bin/../lib/jdom.jar:/usr/share/intellij-idea-ultimate-edition/bin/../lib/log4j.jar:/usr/share/intellij-idea-ultimate-edition/bin/../lib/trove4j.jar:/usr/share/intellij-idea-ultimate-edition/bin/../lib/jna.jar:/opt/java/lib/tools.jar
PATH=/usr/local/bin:/usr/bin:/bin:/usr/local/sbin:/usr/sbin:/sbin:/opt/java/bin:/opt/java/db/bin:/opt/java/jre/bin:/usr/bin/vendor_perl:/usr/bin/core_perl
LD_LIBRARY_PATH=/usr/share/intellij-idea-ultimate-edition/bin:
SHELL=/bin/bash
DISPLAY=:0.0

Signal Handlers:
SIGSEGV: [libjvm.so+0x8a5c80], sa_mask[0]=0x7ffbfeff, sa_flags=0x10000004
SIGBUS: [libjvm.so+0x8a5c80], sa_mask[0]=0x7ffbfeff, sa_flags=0x10000004
SIGFPE: [libjvm.so+0x741d60], sa_mask[0]=0x7ffbfeff, sa_flags=0x10000004
SIGPIPE: [libjvm.so+0x741d60], sa_mask[0]=0x7ffbfeff, sa_flags=0x10000004
SIGXFSZ: [libjvm.so+0x741d60], sa_mask[0]=0x7ffbfeff, sa_flags=0x10000004
SIGILL: [libjvm.so+0x741d60], sa_mask[0]=0x7ffbfeff, sa_flags=0x10000004
SIGUSR1: SIG_DFL, sa_mask[0]=0x00000000, sa_flags=0x00000000
SIGUSR2: [libjvm.so+0x7416b0], sa_mask[0]=0x00000004, sa_flags=0x10000004
SIGHUP: [libjvm.so+0x743a40], sa_mask[0]=0x7ffbfeff, sa_flags=0x10000004
SIGINT: [libjvm.so+0x743a40], sa_mask[0]=0x7ffbfeff, sa_flags=0x10000004
SIGTERM: [libjvm.so+0x743a40], sa_mask[0]=0x7ffbfeff, sa_flags=0x10000004
SIGQUIT: [libjvm.so+0x743a40], sa_mask[0]=0x7ffbfeff, sa_flags=0x10000004


---------------  S Y S T E M  ---------------

OS:Linux
uname:Linux 3.7.6-1-ARCH #1 SMP PREEMPT Mon Feb 4 09:15:13 CET 2013 x86_64
libc:glibc 2.17 NPTL 2.17 
rlimit: STACK 8192k, CORE 0k, NPROC 62756, NOFILE 4096, AS infinity
load average:1.63 1.07 0.79

/proc/meminfo:
MemTotal:        8038344 kB
MemFree:         3496756 kB
Buffers:          163304 kB
Cached:          1039020 kB
SwapCached:            0 kB
Active:          3400512 kB
Inactive:         867740 kB
Active(anon):    3067688 kB
Inactive(anon):    13040 kB
Active(file):     332824 kB
Inactive(file):   854700 kB
Unevictable:         132 kB
Mlocked:             132 kB
SwapTotal:             0 kB
SwapFree:              0 kB
Dirty:             23612 kB
Writeback:             0 kB
AnonPages:       3070320 kB
Mapped:           192512 kB
Shmem:             14648 kB
Slab:              92320 kB
SReclaimable:      64652 kB
SUnreclaim:        27668 kB
KernelStack:        3944 kB
PageTables:        35652 kB
NFS_Unstable:          0 kB
Bounce:                0 kB
WritebackTmp:          0 kB
CommitLimit:     4019172 kB
Committed_AS:    5408252 kB
VmallocTotal:   34359738367 kB
VmallocUsed:      352412 kB
VmallocChunk:   34359356412 kB
HardwareCorrupted:     0 kB
AnonHugePages:   1736704 kB
HugePages_Total:       0
HugePages_Free:        0
HugePages_Rsvd:        0
HugePages_Surp:        0
Hugepagesize:       2048 kB
DirectMap4k:      112640 kB
DirectMap2M:     8136704 kB


CPU:total 4 (2 cores per cpu, 2 threads per core) family 6 model 37 stepping 5, cmov, cx8, fxsr, mmx, sse, sse2, sse3, ssse3, sse4.1, sse4.2, popcnt, ht, tsc, tscinvbit

/proc/cpuinfo:
processor	: 0
vendor_id	: GenuineIntel
cpu family	: 6
model		: 37
model name	: Intel(R) Core(TM) i7 CPU       M 620  @ 2.67GHz
stepping	: 5
microcode	: 0x2
cpu MHz		: 2666.000
cache size	: 4096 KB
physical id	: 0
siblings	: 4
core id		: 0
cpu cores	: 2
apicid		: 0
initial apicid	: 0
fpu		: yes
fpu_exception	: yes
cpuid level	: 11
wp		: yes
flags		: fpu vme de pse tsc msr pae mce cx8 apic sep mtrr pge mca cmov pat pse36 clflush dts acpi mmx fxsr sse sse2 ss ht tm pbe syscall nx rdtscp lm constant_tsc arch_perfmon pebs bts rep_good nopl xtopology nonstop_tsc aperfmperf pni pclmulqdq dtes64 monitor ds_cpl vmx smx est tm2 ssse3 cx16 xtpr pdcm pcid sse4_1 sse4_2 popcnt aes lahf_lm ida arat dtherm tpr_shadow vnmi flexpriority ept vpid
bogomips	: 5322.91
clflush size	: 64
cache_alignment	: 64
address sizes	: 36 bits physical, 48 bits virtual
power management:

processor	: 1
vendor_id	: GenuineIntel
cpu family	: 6
model		: 37
model name	: Intel(R) Core(TM) i7 CPU       M 620  @ 2.67GHz
stepping	: 5
microcode	: 0x2
cpu MHz		: 2666.000
cache size	: 4096 KB
physical id	: 0
siblings	: 4
core id		: 0
cpu cores	: 2
apicid		: 1
initial apicid	: 1
fpu		: yes
fpu_exception	: yes
cpuid level	: 11
wp		: yes
flags		: fpu vme de pse tsc msr pae mce cx8 apic sep mtrr pge mca cmov pat pse36 clflush dts acpi mmx fxsr sse sse2 ss ht tm pbe syscall nx rdtscp lm constant_tsc arch_perfmon pebs bts rep_good nopl xtopology nonstop_tsc aperfmperf pni pclmulqdq dtes64 monitor ds_cpl vmx smx est tm2 ssse3 cx16 xtpr pdcm pcid sse4_1 sse4_2 popcnt aes lahf_lm ida arat dtherm tpr_shadow vnmi flexpriority ept vpid
bogomips	: 5322.91
clflush size	: 64
cache_alignment	: 64
address sizes	: 36 bits physical, 48 bits virtual
power management:

processor	: 2
vendor_id	: GenuineIntel
cpu family	: 6
model		: 37
model name	: Intel(R) Core(TM) i7 CPU       M 620  @ 2.67GHz
stepping	: 5
microcode	: 0x2
cpu MHz		: 2666.000
cache size	: 4096 KB
physical id	: 0
siblings	: 4
core id		: 2
cpu cores	: 2
apicid		: 4
initial apicid	: 4
fpu		: yes
fpu_exception	: yes
cpuid level	: 11
wp		: yes
flags		: fpu vme de pse tsc msr pae mce cx8 apic sep mtrr pge mca cmov pat pse36 clflush dts acpi mmx fxsr sse sse2 ss ht tm pbe syscall nx rdtscp lm constant_tsc arch_perfmon pebs bts rep_good nopl xtopology nonstop_tsc aperfmperf pni pclmulqdq dtes64 monitor ds_cpl vmx smx est tm2 ssse3 cx16 xtpr pdcm pcid sse4_1 sse4_2 popcnt aes lahf_lm ida arat dtherm tpr_shadow vnmi flexpriority ept vpid
bogomips	: 5322.91
clflush size	: 64
cache_alignment	: 64
address sizes	: 36 bits physical, 48 bits virtual
power management:

processor	: 3
vendor_id	: GenuineIntel
cpu family	: 6
model		: 37
model name	: Intel(R) Core(TM) i7 CPU       M 620  @ 2.67GHz
stepping	: 5
microcode	: 0x2
cpu MHz		: 2666.000
cache size	: 4096 KB
physical id	: 0
siblings	: 4
core id		: 2
cpu cores	: 2
apicid		: 5
initial apicid	: 5
fpu		: yes
fpu_exception	: yes
cpuid level	: 11
wp		: yes
flags		: fpu vme de pse tsc msr pae mce cx8 apic sep mtrr pge mca cmov pat pse36 clflush dts acpi mmx fxsr sse sse2 ss ht tm pbe syscall nx rdtscp lm constant_tsc arch_perfmon pebs bts rep_good nopl xtopology nonstop_tsc aperfmperf pni pclmulqdq dtes64 monitor ds_cpl vmx smx est tm2 ssse3 cx16 xtpr pdcm pcid sse4_1 sse4_2 popcnt aes lahf_lm ida arat dtherm tpr_shadow vnmi flexpriority ept vpid
bogomips	: 5322.91
clflush size	: 64
cache_alignment	: 64
address sizes	: 36 bits physical, 48 bits virtual
power management:



Memory: 4k page, physical 8038344k(3496756k free), swap 0k(0k free)

vm_info: Java HotSpot(TM) 64-Bit Server VM (23.6-b04) for linux-amd64 JRE (1.7.0_11-b21), built on Jan 12 2013 01:43:03 by "java_re" with gcc 4.3.0 20080428 (Red Hat 4.3.0-8)

time: Wed Feb 13 17:11:08 2013
elapsed time: 27 seconds

